# Logfile created on Mon Jan 23 11:19:25 +0900 2012 by logger.rb/1.2.6
I, [2012-01-23T11:19:25.839734 #22754]  INFO -- : Net::HTTP::Get: /servicef/130020.do?action=initDisp&screenId=130020
D, [2012-01-23T11:19:25.839863 #22754] DEBUG -- : request-header: accept-language => en-us,en;q=0.5
D, [2012-01-23T11:19:25.839925 #22754] DEBUG -- : request-header: accept => */*
D, [2012-01-23T11:19:25.839985 #22754] DEBUG -- : request-header: user-agent => WWW-Mechanize/1.0.0 (http://rubyforge.org/projects/mechanize/)
D, [2012-01-23T11:19:25.840045 #22754] DEBUG -- : request-header: connection => keep-alive
D, [2012-01-23T11:19:25.840103 #22754] DEBUG -- : request-header: accept-encoding => gzip,identity
D, [2012-01-23T11:19:25.840160 #22754] DEBUG -- : request-header: host => www.hellowork.go.jp
D, [2012-01-23T11:19:25.840217 #22754] DEBUG -- : request-header: accept-charset => ISO-8859-1,utf-8;q=0.7,*;q=0.7
D, [2012-01-23T11:19:25.840274 #22754] DEBUG -- : request-header: keep-alive => 300
D, [2012-01-23T11:19:25.877363 #22754] DEBUG -- : Read 1087 bytes
D, [2012-01-23T11:19:25.877725 #22754] DEBUG -- : Read 2447 bytes
D, [2012-01-23T11:19:25.878362 #22754] DEBUG -- : Read 3807 bytes
D, [2012-01-23T11:19:25.898285 #22754] DEBUG -- : Read 4071 bytes
D, [2012-01-23T11:19:25.899750 #22754] DEBUG -- : Read 5431 bytes
D, [2012-01-23T11:19:25.921080 #22754] DEBUG -- : Read 8192 bytes
D, [2012-01-23T11:19:25.921527 #22754] DEBUG -- : Read 9546 bytes
D, [2012-01-23T11:19:25.943893 #22754] DEBUG -- : Read 15426 bytes
D, [2012-01-23T11:19:25.944226 #22754] DEBUG -- : Read 16384 bytes
D, [2012-01-23T11:19:25.944333 #22754] DEBUG -- : Read 16778 bytes
D, [2012-01-23T11:19:25.945051 #22754] DEBUG -- : Read 19498 bytes
D, [2012-01-23T11:19:25.945374 #22754] DEBUG -- : Read 20858 bytes
D, [2012-01-23T11:19:25.966383 #22754] DEBUG -- : Read 24576 bytes
D, [2012-01-23T11:19:25.966497 #22754] DEBUG -- : Read 26290 bytes
D, [2012-01-23T11:19:25.966821 #22754] DEBUG -- : Read 27650 bytes
D, [2012-01-23T11:19:25.967140 #22754] DEBUG -- : Read 28787 bytes
D, [2012-01-23T11:19:25.967266 #22754] DEBUG -- : response-header: connection => close
D, [2012-01-23T11:19:25.967330 #22754] DEBUG -- : response-header: content-type => text/html;charset=UTF-8
D, [2012-01-23T11:19:25.967389 #22754] DEBUG -- : response-header: date => Mon, 23 Jan 2012 02:19:25 GMT
D, [2012-01-23T11:19:25.967449 #22754] DEBUG -- : response-header: set-cookie => JSESSIONID=70QM6DB668O32PB36GRJ2P1L6CRM6P9PCGSJACPO71IJ48AVBG43A08003E00000.OCP_APPLICATION_005; Path=/servicef
D, [2012-01-23T11:19:25.967509 #22754] DEBUG -- : response-header: transfer-encoding => chunked
D, [2012-01-23T11:19:25.968032 #22754] DEBUG -- : saved cookie: JSESSIONID=70QM6DB668O32PB36GRJ2P1L6CRM6P9PCGSJACPO71IJ48AVBG43A08003E00000.OCP_APPLICATION_005
I, [2012-01-23T11:19:25.968161 #22754]  INFO -- : status: 200
D, [2012-01-23T11:19:25.995702 #22754] DEBUG -- : query: "kyushokuNumber1=34050&kyushokuNumber2=1437913&gekkyuKagen=180000&teate=1&jikyuKagen=&kiboShokushu=A&todofuken1=26&chiku1=&todofuken2=27&chiku2=&todofuken3=28&chiku3=&todofuken4=33&chiku4=&todofuken5=34&chiku5=&nenrei=26&kiboSangyo=G&saishuGakureki=&screenId=130020&action=&codeAssistType=&codeAssistKind=&codeAssistCode=&codeAssistItemCode=&codeAssistItemName=&codeAssistDivide=&xab_vrbs=commonNextScreen%2CcommonSearch%2CdetailSearchButton&kyushokuUmu=1&kyujinShurui=1&commonNextScreen=%E8%A9%B3%E7%B4%B0%E6%9D%A1%E4%BB%B6%E5%85%A5%E5%8A%9B"
I, [2012-01-23T11:19:25.996330 #22754]  INFO -- : Net::HTTP::Post: /servicef/130020.do
D, [2012-01-23T11:19:25.996373 #22754] DEBUG -- : request-header: accept-language => en-us,en;q=0.5
D, [2012-01-23T11:19:25.996407 #22754] DEBUG -- : request-header: accept => */*
D, [2012-01-23T11:19:25.996440 #22754] DEBUG -- : request-header: content-type => application/x-www-form-urlencoded
D, [2012-01-23T11:19:25.996473 #22754] DEBUG -- : request-header: user-agent => Mozilla/5.0 (X11; U; Linux i686; en-US; rv:1.9.2.1) Gecko/20100122 firefox/3.6.1
D, [2012-01-23T11:19:25.996506 #22754] DEBUG -- : request-header: connection => keep-alive
D, [2012-01-23T11:19:25.996551 #22754] DEBUG -- : request-header: accept-encoding => gzip,identity
D, [2012-01-23T11:19:25.996585 #22754] DEBUG -- : request-header: content-length => 541
D, [2012-01-23T11:19:25.996617 #22754] DEBUG -- : request-header: referer => https://www.hellowork.go.jp/servicef/130020.do?action=initDisp&screenId=130020
D, [2012-01-23T11:19:25.996650 #22754] DEBUG -- : request-header: cookie => JSESSIONID=70QM6DB668O32PB36GRJ2P1L6CRM6P9PCGSJACPO71IJ48AVBG43A08003E00000.OCP_APPLICATION_005
D, [2012-01-23T11:19:25.996683 #22754] DEBUG -- : request-header: host => www.hellowork.go.jp
D, [2012-01-23T11:19:25.996716 #22754] DEBUG -- : request-header: accept-charset => ISO-8859-1,utf-8;q=0.7,*;q=0.7
D, [2012-01-23T11:19:25.996748 #22754] DEBUG -- : request-header: keep-alive => 300
D, [2012-01-23T11:19:26.246199 #22754] DEBUG -- : Read 1087 bytes
D, [2012-01-23T11:19:26.246646 #22754] DEBUG -- : Read 2447 bytes
D, [2012-01-23T11:19:26.246978 #22754] DEBUG -- : Read 3807 bytes
D, [2012-01-23T11:19:26.267110 #22754] DEBUG -- : Read 4071 bytes
D, [2012-01-23T11:19:26.268498 #22754] DEBUG -- : Read 5431 bytes
D, [2012-01-23T11:19:26.268851 #22754] DEBUG -- : Read 6791 bytes
D, [2012-01-23T11:19:26.289959 #22754] DEBUG -- : Read 8132 bytes
D, [2012-01-23T11:19:26.290113 #22754] DEBUG -- : Read 8192 bytes
D, [2012-01-23T11:19:26.290218 #22754] DEBUG -- : Read 10857 bytes
D, [2012-01-23T11:19:26.290569 #22754] DEBUG -- : Read 11297 bytes
D, [2012-01-23T11:19:26.291035 #22754] DEBUG -- : Read 12657 bytes
D, [2012-01-23T11:19:26.314056 #22754] DEBUG -- : Read 16384 bytes
D, [2012-01-23T11:19:26.314178 #22754] DEBUG -- : Read 24575 bytes
D, [2012-01-23T11:19:26.314279 #22754] DEBUG -- : Read 24619 bytes
D, [2012-01-23T11:19:26.314643 #22754] DEBUG -- : Read 25979 bytes
D, [2012-01-23T11:19:26.335056 #22754] DEBUG -- : Read 27375 bytes
D, [2012-01-23T11:19:26.335199 #22754] DEBUG -- : response-header: connection => close
D, [2012-01-23T11:19:26.335264 #22754] DEBUG -- : response-header: content-type => text/html;charset=UTF-8
D, [2012-01-23T11:19:26.335325 #22754] DEBUG -- : response-header: date => Mon, 23 Jan 2012 02:19:26 GMT
D, [2012-01-23T11:19:26.335386 #22754] DEBUG -- : response-header: set-cookie => JSESSIONID=70QM6DB668O32PB36GRJ2P1L6CRM6P9PCGSJACPO71IJ48AVBG43A08003E00000.OCP_APPLICATION_005; Path=/servicef
D, [2012-01-23T11:19:26.335447 #22754] DEBUG -- : response-header: transfer-encoding => chunked
D, [2012-01-23T11:19:26.335966 #22754] DEBUG -- : saved cookie: JSESSIONID=70QM6DB668O32PB36GRJ2P1L6CRM6P9PCGSJACPO71IJ48AVBG43A08003E00000.OCP_APPLICATION_005
I, [2012-01-23T11:19:26.336078 #22754]  INFO -- : status: 200
I, [2012-01-23T13:41:39.958614 #26181]  INFO -- : Net::HTTP::Get: /servicef/130020.do?action=initDisp&screenId=130020
D, [2012-01-23T13:41:39.959000 #26181] DEBUG -- : request-header: accept-language => en-us,en;q=0.5
D, [2012-01-23T13:41:39.959120 #26181] DEBUG -- : request-header: accept => */*
D, [2012-01-23T13:41:39.959226 #26181] DEBUG -- : request-header: user-agent => WWW-Mechanize/1.0.0 (http://rubyforge.org/projects/mechanize/)
D, [2012-01-23T13:41:39.959329 #26181] DEBUG -- : request-header: connection => keep-alive
D, [2012-01-23T13:41:39.959430 #26181] DEBUG -- : request-header: accept-encoding => gzip,identity
D, [2012-01-23T13:41:39.959531 #26181] DEBUG -- : request-header: host => www.hellowork.go.jp
D, [2012-01-23T13:41:39.959632 #26181] DEBUG -- : request-header: accept-charset => ISO-8859-1,utf-8;q=0.7,*;q=0.7
D, [2012-01-23T13:41:39.959738 #26181] DEBUG -- : request-header: keep-alive => 300
D, [2012-01-23T13:41:39.999806 #26181] DEBUG -- : Read 1087 bytes
D, [2012-01-23T13:41:40.021449 #26181] DEBUG -- : Read 4071 bytes
D, [2012-01-23T13:41:40.022214 #26181] DEBUG -- : Read 5431 bytes
D, [2012-01-23T13:41:40.042790 #26181] DEBUG -- : Read 8132 bytes
D, [2012-01-23T13:41:40.043071 #26181] DEBUG -- : Read 8192 bytes
D, [2012-01-23T13:41:40.043972 #26181] DEBUG -- : Read 9546 bytes
D, [2012-01-23T13:41:40.044703 #26181] DEBUG -- : Read 10906 bytes
D, [2012-01-23T13:41:40.065008 #26181] DEBUG -- : Read 15426 bytes
D, [2012-01-23T13:41:40.066128 #26181] DEBUG -- : Read 16384 bytes
D, [2012-01-23T13:41:40.066380 #26181] DEBUG -- : Read 16778 bytes
D, [2012-01-23T13:41:40.088025 #26181] DEBUG -- : Read 24576 bytes
D, [2012-01-23T13:41:40.088349 #26181] DEBUG -- : Read 27650 bytes
D, [2012-01-23T13:41:40.088956 #26181] DEBUG -- : Read 28787 bytes
D, [2012-01-23T13:41:40.089201 #26181] DEBUG -- : response-header: connection => close
D, [2012-01-23T13:41:40.089312 #26181] DEBUG -- : response-header: content-type => text/html;charset=UTF-8
D, [2012-01-23T13:41:40.089415 #26181] DEBUG -- : response-header: date => Mon, 23 Jan 2012 04:41:39 GMT
D, [2012-01-23T13:41:40.089516 #26181] DEBUG -- : response-header: set-cookie => JSESSIONID=71I6AE9N70SJ2CPPCKRJCDR26PGJ6CHN68SJ8C1G61HJJ2CNRO43A08000VG0000.OCP_APPLICATION_006; Path=/servicef
D, [2012-01-23T13:41:40.089619 #26181] DEBUG -- : response-header: transfer-encoding => chunked
D, [2012-01-23T13:41:40.090598 #26181] DEBUG -- : saved cookie: JSESSIONID=71I6AE9N70SJ2CPPCKRJCDR26PGJ6CHN68SJ8C1G61HJJ2CNRO43A08000VG0000.OCP_APPLICATION_006
I, [2012-01-23T13:41:40.090854 #26181]  INFO -- : status: 200
D, [2012-01-23T13:41:40.152604 #26181] DEBUG -- : query: "kyushokuNumber1=34050&kyushokuNumber2=1437913&gekkyuKagen=180000&teate=1&jikyuKagen=&kiboShokushu=A&todofuken1=26&chiku1=&todofuken2=27&chiku2=&todofuken3=28&chiku3=&todofuken4=33&chiku4=&todofuken5=34&chiku5=&nenrei=26&kiboSangyo=G&saishuGakureki=&screenId=130020&action=&codeAssistType=&codeAssistKind=&codeAssistCode=&codeAssistItemCode=&codeAssistItemName=&codeAssistDivide=&xab_vrbs=commonNextScreen%2CcommonSearch%2CdetailSearchButton&kyushokuUmu=1&kyujinShurui=1&commonNextScreen=%E8%A9%B3%E7%B4%B0%E6%9D%A1%E4%BB%B6%E5%85%A5%E5%8A%9B"
I, [2012-01-23T13:41:40.153216 #26181]  INFO -- : Net::HTTP::Post: /servicef/130020.do
D, [2012-01-23T13:41:40.153266 #26181] DEBUG -- : request-header: accept-language => en-us,en;q=0.5
D, [2012-01-23T13:41:40.153295 #26181] DEBUG -- : request-header: accept => */*
D, [2012-01-23T13:41:40.153321 #26181] DEBUG -- : request-header: content-type => application/x-www-form-urlencoded
D, [2012-01-23T13:41:40.153347 #26181] DEBUG -- : request-header: user-agent => Mozilla/5.0 (X11; U; Linux i686; en-US; rv:1.9.2.1) Gecko/20100122 firefox/3.6.1
D, [2012-01-23T13:41:40.153380 #26181] DEBUG -- : request-header: connection => keep-alive
D, [2012-01-23T13:41:40.153406 #26181] DEBUG -- : request-header: accept-encoding => gzip,identity
D, [2012-01-23T13:41:40.153431 #26181] DEBUG -- : request-header: content-length => 541
D, [2012-01-23T13:41:40.153457 #26181] DEBUG -- : request-header: referer => https://www.hellowork.go.jp/servicef/130020.do?action=initDisp&screenId=130020
D, [2012-01-23T13:41:40.153482 #26181] DEBUG -- : request-header: cookie => JSESSIONID=71I6AE9N70SJ2CPPCKRJCDR26PGJ6CHN68SJ8C1G61HJJ2CNRO43A08000VG0000.OCP_APPLICATION_006
D, [2012-01-23T13:41:40.153508 #26181] DEBUG -- : request-header: host => www.hellowork.go.jp
D, [2012-01-23T13:41:40.153534 #26181] DEBUG -- : request-header: accept-charset => ISO-8859-1,utf-8;q=0.7,*;q=0.7
D, [2012-01-23T13:41:40.153559 #26181] DEBUG -- : request-header: keep-alive => 300
D, [2012-01-23T13:41:40.459180 #26181] DEBUG -- : Read 1087 bytes
D, [2012-01-23T13:41:40.460280 #26181] DEBUG -- : Read 2447 bytes
D, [2012-01-23T13:41:40.461520 #26181] DEBUG -- : Read 3807 bytes
D, [2012-01-23T13:41:40.480416 #26181] DEBUG -- : Read 4071 bytes
D, [2012-01-23T13:41:40.481616 #26181] DEBUG -- : Read 5431 bytes
D, [2012-01-23T13:41:40.482355 #26181] DEBUG -- : Read 6791 bytes
D, [2012-01-23T13:41:40.502327 #26181] DEBUG -- : Read 8132 bytes
D, [2012-01-23T13:41:40.502576 #26181] DEBUG -- : Read 8145 bytes
D, [2012-01-23T13:41:40.503258 #26181] DEBUG -- : Read 8192 bytes
D, [2012-01-23T13:41:40.503498 #26181] DEBUG -- : Read 9497 bytes
D, [2012-01-23T13:41:40.504336 #26181] DEBUG -- : Read 10857 bytes
D, [2012-01-23T13:41:40.504976 #26181] DEBUG -- : Read 11297 bytes
D, [2012-01-23T13:41:40.505641 #26181] DEBUG -- : Read 12657 bytes
D, [2012-01-23T13:41:40.526491 #26181] DEBUG -- : Read 16384 bytes
D, [2012-01-23T13:41:40.526763 #26181] DEBUG -- : Read 18529 bytes
D, [2012-01-23T13:41:40.547385 #26181] DEBUG -- : Read 24576 bytes
D, [2012-01-23T13:41:40.547633 #26181] DEBUG -- : Read 25322 bytes
D, [2012-01-23T13:41:40.548726 #26181] DEBUG -- : Read 26682 bytes
D, [2012-01-23T13:41:40.549474 #26181] DEBUG -- : Read 27375 bytes
D, [2012-01-23T13:41:40.549746 #26181] DEBUG -- : response-header: connection => close
D, [2012-01-23T13:41:40.549865 #26181] DEBUG -- : response-header: content-type => text/html;charset=UTF-8
D, [2012-01-23T13:41:40.549970 #26181] DEBUG -- : response-header: date => Mon, 23 Jan 2012 04:41:40 GMT
D, [2012-01-23T13:41:40.550083 #26181] DEBUG -- : response-header: set-cookie => JSESSIONID=71I6AE9P6HHM6D326KRJIC34CGR3GCB6C9I34EB5COPJEJ4PRO43A08000O00000.OCP_APPLICATION_006; Path=/servicef
D, [2012-01-23T13:41:40.550187 #26181] DEBUG -- : response-header: transfer-encoding => chunked
D, [2012-01-23T13:41:40.551104 #26181] DEBUG -- : saved cookie: JSESSIONID=71I6AE9P6HHM6D326KRJIC34CGR3GCB6C9I34EB5COPJEJ4PRO43A08000O00000.OCP_APPLICATION_006
I, [2012-01-23T13:41:40.551347 #26181]  INFO -- : status: 200
I, [2012-01-23T13:43:24.169795 #26796]  INFO -- : Net::HTTP::Get: /servicef/130020.do?action=initDisp&screenId=130020
D, [2012-01-23T13:43:24.170177 #26796] DEBUG -- : request-header: accept-language => en-us,en;q=0.5
D, [2012-01-23T13:43:24.170297 #26796] DEBUG -- : request-header: accept => */*
D, [2012-01-23T13:43:24.170402 #26796] DEBUG -- : request-header: user-agent => WWW-Mechanize/1.0.0 (http://rubyforge.org/projects/mechanize/)
D, [2012-01-23T13:43:24.170505 #26796] DEBUG -- : request-header: connection => keep-alive
D, [2012-01-23T13:43:24.170607 #26796] DEBUG -- : request-header: accept-encoding => gzip,identity
D, [2012-01-23T13:43:24.170707 #26796] DEBUG -- : request-header: host => www.hellowork.go.jp
D, [2012-01-23T13:43:24.170806 #26796] DEBUG -- : request-header: accept-charset => ISO-8859-1,utf-8;q=0.7,*;q=0.7
D, [2012-01-23T13:43:24.170919 #26796] DEBUG -- : request-header: keep-alive => 300
D, [2012-01-23T13:43:24.207998 #26796] DEBUG -- : Read 1087 bytes
D, [2012-01-23T13:43:24.229021 #26796] DEBUG -- : Read 4071 bytes
D, [2012-01-23T13:43:24.229806 #26796] DEBUG -- : Read 5431 bytes
D, [2012-01-23T13:43:24.251951 #26796] DEBUG -- : Read 8132 bytes
D, [2012-01-23T13:43:24.252237 #26796] DEBUG -- : Read 8192 bytes
D, [2012-01-23T13:43:24.253198 #26796] DEBUG -- : Read 9546 bytes
D, [2012-01-23T13:43:24.276926 #26796] DEBUG -- : Read 15426 bytes
D, [2012-01-23T13:43:24.277717 #26796] DEBUG -- : Read 16384 bytes
D, [2012-01-23T13:43:24.277933 #26796] DEBUG -- : Read 16778 bytes
D, [2012-01-23T13:43:24.278665 #26796] DEBUG -- : Read 19498 bytes
D, [2012-01-23T13:43:24.297875 #26796] DEBUG -- : Read 23578 bytes
D, [2012-01-23T13:43:24.298674 #26796] DEBUG -- : Read 24576 bytes
D, [2012-01-23T13:43:24.298905 #26796] DEBUG -- : Read 24930 bytes
D, [2012-01-23T13:43:24.299627 #26796] DEBUG -- : Read 27650 bytes
D, [2012-01-23T13:43:24.300332 #26796] DEBUG -- : Read 28787 bytes
D, [2012-01-23T13:43:24.300583 #26796] DEBUG -- : response-header: connection => close
D, [2012-01-23T13:43:24.300706 #26796] DEBUG -- : response-header: content-type => text/html;charset=UTF-8
D, [2012-01-23T13:43:24.300822 #26796] DEBUG -- : response-header: date => Mon, 23 Jan 2012 04:43:24 GMT
D, [2012-01-23T13:43:24.300933 #26796] DEBUG -- : response-header: set-cookie => JSESSIONID=71IJ0CJ574S62OPLCDIM8C1G6KS62PB4C9GM8DHM61H6B61ES043A08000H00000.OCP_APPLICATION_006; Path=/servicef
D, [2012-01-23T13:43:24.301037 #26796] DEBUG -- : response-header: transfer-encoding => chunked
D, [2012-01-23T13:43:24.302000 #26796] DEBUG -- : saved cookie: JSESSIONID=71IJ0CJ574S62OPLCDIM8C1G6KS62PB4C9GM8DHM61H6B61ES043A08000H00000.OCP_APPLICATION_006
I, [2012-01-23T13:43:24.302271 #26796]  INFO -- : status: 200
D, [2012-01-23T13:43:24.329767 #26796] DEBUG -- : query: "kyushokuNumber3=&kyushokuNumber4=&kyujinNumber1=&kyujinNumber2=&screenId=130020&action=&codeAssistType=&codeAssistKind=&codeAssistCode=&codeAssistItemCode=&codeAssistItemName=&codeAssistDivide=&xab_vrbs=commonNextScreen%2CcommonSearch%2CdetailSearchButton&kyushokuUmu2=2&detailSearchButton=%E6%B1%82%E4%BA%BA%E7%95%AA%E5%8F%B7%E6%A4%9C%E7%B4%A2"
I, [2012-01-23T13:43:24.330377 #26796]  INFO -- : Net::HTTP::Post: /servicef/130020.do
D, [2012-01-23T13:43:24.330428 #26796] DEBUG -- : request-header: accept-language => en-us,en;q=0.5
D, [2012-01-23T13:43:24.330456 #26796] DEBUG -- : request-header: accept => */*
D, [2012-01-23T13:43:24.330482 #26796] DEBUG -- : request-header: content-type => application/x-www-form-urlencoded
D, [2012-01-23T13:43:24.330507 #26796] DEBUG -- : request-header: user-agent => Mozilla/5.0 (X11; U; Linux i686; en-US; rv:1.9.2.1) Gecko/20100122 firefox/3.6.1
D, [2012-01-23T13:43:24.330533 #26796] DEBUG -- : request-header: connection => keep-alive
D, [2012-01-23T13:43:24.330564 #26796] DEBUG -- : request-header: accept-encoding => gzip,identity
D, [2012-01-23T13:43:24.330590 #26796] DEBUG -- : request-header: content-length => 344
D, [2012-01-23T13:43:24.330615 #26796] DEBUG -- : request-header: referer => https://www.hellowork.go.jp/servicef/130020.do?action=initDisp&screenId=130020
D, [2012-01-23T13:43:24.330641 #26796] DEBUG -- : request-header: cookie => JSESSIONID=71IJ0CJ574S62OPLCDIM8C1G6KS62PB4C9GM8DHM61H6B61ES043A08000H00000.OCP_APPLICATION_006
D, [2012-01-23T13:43:24.330666 #26796] DEBUG -- : request-header: host => www.hellowork.go.jp
D, [2012-01-23T13:43:24.330695 #26796] DEBUG -- : request-header: accept-charset => ISO-8859-1,utf-8;q=0.7,*;q=0.7
D, [2012-01-23T13:43:24.330720 #26796] DEBUG -- : request-header: keep-alive => 300
D, [2012-01-23T13:43:24.609662 #26796] DEBUG -- : Read 1087 bytes
D, [2012-01-23T13:43:24.610506 #26796] DEBUG -- : Read 2447 bytes
D, [2012-01-23T13:43:24.611218 #26796] DEBUG -- : Read 3807 bytes
D, [2012-01-23T13:43:24.631536 #26796] DEBUG -- : Read 5167 bytes
D, [2012-01-23T13:43:24.632446 #26796] DEBUG -- : Read 7887 bytes
D, [2012-01-23T13:43:24.652936 #26796] DEBUG -- : Read 8192 bytes
D, [2012-01-23T13:43:24.653195 #26796] DEBUG -- : Read 9239 bytes
D, [2012-01-23T13:43:24.654128 #26796] DEBUG -- : Read 10599 bytes
D, [2012-01-23T13:43:24.675902 #26796] DEBUG -- : Read 16384 bytes
D, [2012-01-23T13:43:24.676192 #26796] DEBUG -- : Read 18751 bytes
D, [2012-01-23T13:43:24.677034 #26796] DEBUG -- : Read 20111 bytes
D, [2012-01-23T13:43:24.698303 #26796] DEBUG -- : Read 24576 bytes
D, [2012-01-23T13:43:24.698565 #26796] DEBUG -- : Read 26903 bytes
D, [2012-01-23T13:43:24.699280 #26796] DEBUG -- : Read 28263 bytes
D, [2012-01-23T13:43:24.699922 #26796] DEBUG -- : Read 28732 bytes
D, [2012-01-23T13:43:24.700203 #26796] DEBUG -- : response-header: connection => close
D, [2012-01-23T13:43:24.700322 #26796] DEBUG -- : response-header: content-type => text/html;charset=UTF-8
D, [2012-01-23T13:43:24.700427 #26796] DEBUG -- : response-header: date => Mon, 23 Jan 2012 04:43:24 GMT
D, [2012-01-23T13:43:24.700530 #26796] DEBUG -- : response-header: set-cookie => JSESSIONID=71IJ0CPG68O3IPB369I3GC3571GM8P1K6SQJ4DPH69H6281GS043A08003DG0000.OCP_APPLICATION_006; Path=/servicef
D, [2012-01-23T13:43:24.700632 #26796] DEBUG -- : response-header: transfer-encoding => chunked
D, [2012-01-23T13:43:24.701548 #26796] DEBUG -- : saved cookie: JSESSIONID=71IJ0CPG68O3IPB369I3GC3571GM8P1K6SQJ4DPH69H6281GS043A08003DG0000.OCP_APPLICATION_006
I, [2012-01-23T13:43:24.701773 #26796]  INFO -- : status: 200
