# Logfile created on Mon Jan 23 09:05:05 +0900 2012 by logger.rb/1.2.6
I, [2012-01-23T09:05:05.060193 #4685]  INFO -- : Net::HTTP::Get: /~takeshi/test.html
D, [2012-01-23T09:05:05.060310 #4685] DEBUG -- : request-header: accept-language => en-us,en;q=0.5
D, [2012-01-23T09:05:05.060374 #4685] DEBUG -- : request-header: accept => */*
D, [2012-01-23T09:05:05.060435 #4685] DEBUG -- : request-header: user-agent => WWW-Mechanize/1.0.0 (http://rubyforge.org/projects/mechanize/)
D, [2012-01-23T09:05:05.060496 #4685] DEBUG -- : request-header: connection => keep-alive
D, [2012-01-23T09:05:05.060555 #4685] DEBUG -- : request-header: accept-encoding => gzip,identity
D, [2012-01-23T09:05:05.060614 #4685] DEBUG -- : request-header: host => ltakeshi.no-ip.info
D, [2012-01-23T09:05:05.060672 #4685] DEBUG -- : request-header: accept-charset => ISO-8859-1,utf-8;q=0.7,*;q=0.7
D, [2012-01-23T09:05:05.060731 #4685] DEBUG -- : request-header: keep-alive => 300
D, [2012-01-23T09:05:05.153536 #4685] DEBUG -- : Read 1315 bytes
D, [2012-01-23T09:05:05.153690 #4685] DEBUG -- : response-header: etag => "b81645-523-4b6aec4c1fab5"
D, [2012-01-23T09:05:05.153755 #4685] DEBUG -- : response-header: last-modified => Tue, 17 Jan 2012 00:54:08 GMT
D, [2012-01-23T09:05:05.153815 #4685] DEBUG -- : response-header: content-type => text/html
D, [2012-01-23T09:05:05.153874 #4685] DEBUG -- : response-header: connection => Keep-Alive
D, [2012-01-23T09:05:05.153933 #4685] DEBUG -- : response-header: via => 1.1 JYOHOSERVER
D, [2012-01-23T09:05:05.153991 #4685] DEBUG -- : response-header: server => Apache
D, [2012-01-23T09:05:05.154049 #4685] DEBUG -- : response-header: date => Mon, 23 Jan 2012 00:05:05 GMT
D, [2012-01-23T09:05:05.154108 #4685] DEBUG -- : response-header: content-length => 1315
D, [2012-01-23T09:05:05.154167 #4685] DEBUG -- : response-header: proxy-connection => Keep-Alive
D, [2012-01-23T09:05:05.154226 #4685] DEBUG -- : response-header: keep-alive => timeout=5, max=100
D, [2012-01-23T09:05:05.154284 #4685] DEBUG -- : response-header: vary => Accept-Encoding
D, [2012-01-23T09:05:05.154342 #4685] DEBUG -- : response-header: accept-ranges => bytes
I, [2012-01-23T09:05:05.154963 #4685]  INFO -- : status: 200
I, [2012-01-23T09:08:29.454642 #5145]  INFO -- : Net::HTTP::Get: /~takeshi/test.html
D, [2012-01-23T09:08:29.454842 #5145] DEBUG -- : request-header: accept-language => en-us,en;q=0.5
D, [2012-01-23T09:08:29.454907 #5145] DEBUG -- : request-header: accept => */*
D, [2012-01-23T09:08:29.454969 #5145] DEBUG -- : request-header: user-agent => WWW-Mechanize/1.0.0 (http://rubyforge.org/projects/mechanize/)
D, [2012-01-23T09:08:29.455030 #5145] DEBUG -- : request-header: connection => keep-alive
D, [2012-01-23T09:08:29.455089 #5145] DEBUG -- : request-header: accept-encoding => gzip,identity
D, [2012-01-23T09:08:29.455148 #5145] DEBUG -- : request-header: host => ltakeshi.no-ip.info
D, [2012-01-23T09:08:29.455208 #5145] DEBUG -- : request-header: accept-charset => ISO-8859-1,utf-8;q=0.7,*;q=0.7
D, [2012-01-23T09:08:29.455266 #5145] DEBUG -- : request-header: keep-alive => 300
D, [2012-01-23T09:08:29.538586 #5145] DEBUG -- : Read 1315 bytes
D, [2012-01-23T09:08:29.538707 #5145] DEBUG -- : response-header: etag => "b81645-523-4b6aec4c1fab5"
D, [2012-01-23T09:08:29.538772 #5145] DEBUG -- : response-header: last-modified => Tue, 17 Jan 2012 00:54:08 GMT
D, [2012-01-23T09:08:29.538833 #5145] DEBUG -- : response-header: content-type => text/html
D, [2012-01-23T09:08:29.538893 #5145] DEBUG -- : response-header: connection => Keep-Alive
D, [2012-01-23T09:08:29.538953 #5145] DEBUG -- : response-header: via => 1.1 JYOHOSERVER
D, [2012-01-23T09:08:29.539013 #5145] DEBUG -- : response-header: server => Apache
D, [2012-01-23T09:08:29.539073 #5145] DEBUG -- : response-header: date => Mon, 23 Jan 2012 00:08:29 GMT
D, [2012-01-23T09:08:29.539133 #5145] DEBUG -- : response-header: content-length => 1315
D, [2012-01-23T09:08:29.539192 #5145] DEBUG -- : response-header: proxy-connection => Keep-Alive
D, [2012-01-23T09:08:29.539251 #5145] DEBUG -- : response-header: keep-alive => timeout=5, max=100
D, [2012-01-23T09:08:29.539326 #5145] DEBUG -- : response-header: vary => Accept-Encoding
D, [2012-01-23T09:08:29.539386 #5145] DEBUG -- : response-header: accept-ranges => bytes
I, [2012-01-23T09:08:29.539991 #5145]  INFO -- : status: 200
D, [2012-01-23T09:08:29.542556 #5145] DEBUG -- : query: "string=180000&select=%E3%82%B5%E3%83%B3%E3%83%97%E3%83%AB1&q1=%E3%81%AF%E3%81%84"
I, [2012-01-23T09:08:29.543307 #5145]  INFO -- : Net::HTTP::Post: /~takeshi/test.php
D, [2012-01-23T09:08:29.543381 #5145] DEBUG -- : request-header: accept-language => en-us,en;q=0.5
D, [2012-01-23T09:08:29.543443 #5145] DEBUG -- : request-header: accept => */*
D, [2012-01-23T09:08:29.543503 #5145] DEBUG -- : request-header: content-type => application/x-www-form-urlencoded
D, [2012-01-23T09:08:29.543563 #5145] DEBUG -- : request-header: user-agent => Mozilla/5.0 (X11; U; Linux i686; en-US; rv:1.9.2.1) Gecko/20100122 firefox/3.6.1
D, [2012-01-23T09:08:29.543639 #5145] DEBUG -- : request-header: connection => keep-alive
D, [2012-01-23T09:08:29.543700 #5145] DEBUG -- : request-header: accept-encoding => gzip,identity
D, [2012-01-23T09:08:29.543761 #5145] DEBUG -- : request-header: content-length => 80
D, [2012-01-23T09:08:29.543820 #5145] DEBUG -- : request-header: referer => http://ltakeshi.no-ip.info/~takeshi/test.html
D, [2012-01-23T09:08:29.543880 #5145] DEBUG -- : request-header: host => ltakeshi.no-ip.info
D, [2012-01-23T09:08:29.543940 #5145] DEBUG -- : request-header: accept-charset => ISO-8859-1,utf-8;q=0.7,*;q=0.7
D, [2012-01-23T09:08:29.543998 #5145] DEBUG -- : request-header: keep-alive => 300
D, [2012-01-23T09:08:29.857882 #5145] DEBUG -- : Read 112 bytes
D, [2012-01-23T09:08:29.858010 #5145] DEBUG -- : response-header: x-powered-by => PHP/5.3.6-13ubuntu3.3
D, [2012-01-23T09:08:29.858074 #5145] DEBUG -- : response-header: content-type => text/html
D, [2012-01-23T09:08:29.858134 #5145] DEBUG -- : response-header: connection => Keep-Alive
D, [2012-01-23T09:08:29.858194 #5145] DEBUG -- : response-header: via => 1.1 JYOHOSERVER
D, [2012-01-23T09:08:29.858253 #5145] DEBUG -- : response-header: server => Apache
D, [2012-01-23T09:08:29.858312 #5145] DEBUG -- : response-header: date => Mon, 23 Jan 2012 00:08:29 GMT
D, [2012-01-23T09:08:29.858372 #5145] DEBUG -- : response-header: content-length => 112
D, [2012-01-23T09:08:29.858431 #5145] DEBUG -- : response-header: proxy-connection => Keep-Alive
D, [2012-01-23T09:08:29.858490 #5145] DEBUG -- : response-header: keep-alive => timeout=5, max=99
D, [2012-01-23T09:08:29.858549 #5145] DEBUG -- : response-header: vary => Accept-Encoding
I, [2012-01-23T09:08:29.858934 #5145]  INFO -- : status: 200
I, [2012-01-23T09:14:19.646902 #6067]  INFO -- : Net::HTTP::Get: /~takeshi/test.html
D, [2012-01-23T09:14:19.647112 #6067] DEBUG -- : request-header: accept-language => en-us,en;q=0.5
D, [2012-01-23T09:14:19.647178 #6067] DEBUG -- : request-header: accept => */*
D, [2012-01-23T09:14:19.647239 #6067] DEBUG -- : request-header: user-agent => WWW-Mechanize/1.0.0 (http://rubyforge.org/projects/mechanize/)
D, [2012-01-23T09:14:19.647302 #6067] DEBUG -- : request-header: connection => keep-alive
D, [2012-01-23T09:14:19.647362 #6067] DEBUG -- : request-header: accept-encoding => gzip,identity
D, [2012-01-23T09:14:19.647422 #6067] DEBUG -- : request-header: host => ltakeshi.no-ip.info
D, [2012-01-23T09:14:19.647482 #6067] DEBUG -- : request-header: accept-charset => ISO-8859-1,utf-8;q=0.7,*;q=0.7
D, [2012-01-23T09:14:19.647542 #6067] DEBUG -- : request-header: keep-alive => 300
D, [2012-01-23T09:14:19.730728 #6067] DEBUG -- : Read 1315 bytes
D, [2012-01-23T09:14:19.730854 #6067] DEBUG -- : response-header: etag => "b81645-523-4b6aec4c1fab5"
D, [2012-01-23T09:14:19.730921 #6067] DEBUG -- : response-header: last-modified => Tue, 17 Jan 2012 00:54:08 GMT
D, [2012-01-23T09:14:19.730984 #6067] DEBUG -- : response-header: content-type => text/html
D, [2012-01-23T09:14:19.731045 #6067] DEBUG -- : response-header: connection => Keep-Alive
D, [2012-01-23T09:14:19.731106 #6067] DEBUG -- : response-header: via => 1.1 JYOHOSERVER
D, [2012-01-23T09:14:19.731182 #6067] DEBUG -- : response-header: server => Apache
D, [2012-01-23T09:14:19.731243 #6067] DEBUG -- : response-header: date => Mon, 23 Jan 2012 00:14:19 GMT
D, [2012-01-23T09:14:19.731304 #6067] DEBUG -- : response-header: content-length => 1315
D, [2012-01-23T09:14:19.731364 #6067] DEBUG -- : response-header: proxy-connection => Keep-Alive
D, [2012-01-23T09:14:19.731424 #6067] DEBUG -- : response-header: keep-alive => timeout=5, max=100
D, [2012-01-23T09:14:19.731484 #6067] DEBUG -- : response-header: vary => Accept-Encoding
D, [2012-01-23T09:14:19.731544 #6067] DEBUG -- : response-header: accept-ranges => bytes
I, [2012-01-23T09:14:19.732201 #6067]  INFO -- : status: 200
I, [2012-01-23T09:15:18.007913 #6195]  INFO -- : Net::HTTP::Get: /~takeshi/test.html
D, [2012-01-23T09:15:18.008098 #6195] DEBUG -- : request-header: accept-language => en-us,en;q=0.5
D, [2012-01-23T09:15:18.008164 #6195] DEBUG -- : request-header: accept => */*
D, [2012-01-23T09:15:18.008224 #6195] DEBUG -- : request-header: user-agent => WWW-Mechanize/1.0.0 (http://rubyforge.org/projects/mechanize/)
D, [2012-01-23T09:15:18.008258 #6195] DEBUG -- : request-header: connection => keep-alive
D, [2012-01-23T09:15:18.008291 #6195] DEBUG -- : request-header: accept-encoding => gzip,identity
D, [2012-01-23T09:15:18.008323 #6195] DEBUG -- : request-header: host => ltakeshi.no-ip.info
D, [2012-01-23T09:15:18.008356 #6195] DEBUG -- : request-header: accept-charset => ISO-8859-1,utf-8;q=0.7,*;q=0.7
D, [2012-01-23T09:15:18.008389 #6195] DEBUG -- : request-header: keep-alive => 300
D, [2012-01-23T09:15:18.088880 #6195] DEBUG -- : Read 1315 bytes
D, [2012-01-23T09:15:18.089001 #6195] DEBUG -- : response-header: etag => "b81645-523-4b6aec4c1fab5"
D, [2012-01-23T09:15:18.089066 #6195] DEBUG -- : response-header: last-modified => Tue, 17 Jan 2012 00:54:08 GMT
D, [2012-01-23T09:15:18.089128 #6195] DEBUG -- : response-header: content-type => text/html
D, [2012-01-23T09:15:18.089207 #6195] DEBUG -- : response-header: connection => Keep-Alive
D, [2012-01-23T09:15:18.089277 #6195] DEBUG -- : response-header: via => 1.1 JYOHOSERVER
D, [2012-01-23T09:15:18.089342 #6195] DEBUG -- : response-header: server => Apache
D, [2012-01-23T09:15:18.089403 #6195] DEBUG -- : response-header: date => Mon, 23 Jan 2012 00:15:18 GMT
D, [2012-01-23T09:15:18.089463 #6195] DEBUG -- : response-header: content-length => 1315
D, [2012-01-23T09:15:18.089523 #6195] DEBUG -- : response-header: proxy-connection => Keep-Alive
D, [2012-01-23T09:15:18.089583 #6195] DEBUG -- : response-header: keep-alive => timeout=5, max=100
D, [2012-01-23T09:15:18.089643 #6195] DEBUG -- : response-header: vary => Accept-Encoding
D, [2012-01-23T09:15:18.089703 #6195] DEBUG -- : response-header: accept-ranges => bytes
I, [2012-01-23T09:15:18.090305 #6195]  INFO -- : status: 200
I, [2012-01-23T09:15:32.718533 #6238]  INFO -- : Net::HTTP::Get: /~takeshi/test.html
D, [2012-01-23T09:15:32.718726 #6238] DEBUG -- : request-header: accept-language => en-us,en;q=0.5
D, [2012-01-23T09:15:32.718792 #6238] DEBUG -- : request-header: accept => */*
D, [2012-01-23T09:15:32.718854 #6238] DEBUG -- : request-header: user-agent => WWW-Mechanize/1.0.0 (http://rubyforge.org/projects/mechanize/)
D, [2012-01-23T09:15:32.718917 #6238] DEBUG -- : request-header: connection => keep-alive
D, [2012-01-23T09:15:32.718978 #6238] DEBUG -- : request-header: accept-encoding => gzip,identity
D, [2012-01-23T09:15:32.719038 #6238] DEBUG -- : request-header: host => ltakeshi.no-ip.info
D, [2012-01-23T09:15:32.719097 #6238] DEBUG -- : request-header: accept-charset => ISO-8859-1,utf-8;q=0.7,*;q=0.7
D, [2012-01-23T09:15:32.719156 #6238] DEBUG -- : request-header: keep-alive => 300
D, [2012-01-23T09:15:32.798203 #6238] DEBUG -- : Read 1315 bytes
D, [2012-01-23T09:15:32.798327 #6238] DEBUG -- : response-header: etag => "b81645-523-4b6aec4c1fab5"
D, [2012-01-23T09:15:32.798392 #6238] DEBUG -- : response-header: last-modified => Tue, 17 Jan 2012 00:54:08 GMT
D, [2012-01-23T09:15:32.798453 #6238] DEBUG -- : response-header: content-type => text/html
D, [2012-01-23T09:15:32.798529 #6238] DEBUG -- : response-header: connection => Keep-Alive
D, [2012-01-23T09:15:32.798591 #6238] DEBUG -- : response-header: via => 1.1 JYOHOSERVER
D, [2012-01-23T09:15:32.798650 #6238] DEBUG -- : response-header: server => Apache
D, [2012-01-23T09:15:32.798710 #6238] DEBUG -- : response-header: date => Mon, 23 Jan 2012 00:15:32 GMT
D, [2012-01-23T09:15:32.798770 #6238] DEBUG -- : response-header: content-length => 1315
D, [2012-01-23T09:15:32.798828 #6238] DEBUG -- : response-header: proxy-connection => Keep-Alive
D, [2012-01-23T09:15:32.798888 #6238] DEBUG -- : response-header: keep-alive => timeout=5, max=100
D, [2012-01-23T09:15:32.798948 #6238] DEBUG -- : response-header: vary => Accept-Encoding
D, [2012-01-23T09:15:32.799007 #6238] DEBUG -- : response-header: accept-ranges => bytes
I, [2012-01-23T09:15:32.799658 #6238]  INFO -- : status: 200
I, [2012-01-23T09:15:53.724083 #6282]  INFO -- : Net::HTTP::Get: /~takeshi/test.html
D, [2012-01-23T09:15:53.724253 #6282] DEBUG -- : request-header: accept-language => en-us,en;q=0.5
D, [2012-01-23T09:15:53.724290 #6282] DEBUG -- : request-header: accept => */*
D, [2012-01-23T09:15:53.724324 #6282] DEBUG -- : request-header: user-agent => WWW-Mechanize/1.0.0 (http://rubyforge.org/projects/mechanize/)
D, [2012-01-23T09:15:53.724358 #6282] DEBUG -- : request-header: connection => keep-alive
D, [2012-01-23T09:15:53.724391 #6282] DEBUG -- : request-header: accept-encoding => gzip,identity
D, [2012-01-23T09:15:53.724424 #6282] DEBUG -- : request-header: host => ltakeshi.no-ip.info
D, [2012-01-23T09:15:53.724457 #6282] DEBUG -- : request-header: accept-charset => ISO-8859-1,utf-8;q=0.7,*;q=0.7
D, [2012-01-23T09:15:53.724490 #6282] DEBUG -- : request-header: keep-alive => 300
D, [2012-01-23T09:15:53.804367 #6282] DEBUG -- : Read 1315 bytes
D, [2012-01-23T09:15:53.804493 #6282] DEBUG -- : response-header: etag => "b81645-523-4b6aec4c1fab5"
D, [2012-01-23T09:15:53.804559 #6282] DEBUG -- : response-header: last-modified => Tue, 17 Jan 2012 00:54:08 GMT
D, [2012-01-23T09:15:53.804620 #6282] DEBUG -- : response-header: content-type => text/html
D, [2012-01-23T09:15:53.804680 #6282] DEBUG -- : response-header: connection => Keep-Alive
D, [2012-01-23T09:15:53.804739 #6282] DEBUG -- : response-header: via => 1.1 JYOHOSERVER
D, [2012-01-23T09:15:53.804799 #6282] DEBUG -- : response-header: server => Apache
D, [2012-01-23T09:15:53.804859 #6282] DEBUG -- : response-header: date => Mon, 23 Jan 2012 00:15:53 GMT
D, [2012-01-23T09:15:53.804920 #6282] DEBUG -- : response-header: content-length => 1315
D, [2012-01-23T09:15:53.804979 #6282] DEBUG -- : response-header: proxy-connection => Keep-Alive
D, [2012-01-23T09:15:53.805039 #6282] DEBUG -- : response-header: keep-alive => timeout=5, max=100
D, [2012-01-23T09:15:53.805099 #6282] DEBUG -- : response-header: vary => Accept-Encoding
D, [2012-01-23T09:15:53.805158 #6282] DEBUG -- : response-header: accept-ranges => bytes
I, [2012-01-23T09:15:53.805763 #6282]  INFO -- : status: 200
I, [2012-01-23T09:16:13.161146 #6336]  INFO -- : Net::HTTP::Get: /~takeshi/test.html
D, [2012-01-23T09:16:13.161308 #6336] DEBUG -- : request-header: accept-language => en-us,en;q=0.5
D, [2012-01-23T09:16:13.161345 #6336] DEBUG -- : request-header: accept => */*
D, [2012-01-23T09:16:13.161379 #6336] DEBUG -- : request-header: user-agent => WWW-Mechanize/1.0.0 (http://rubyforge.org/projects/mechanize/)
D, [2012-01-23T09:16:13.161413 #6336] DEBUG -- : request-header: connection => keep-alive
D, [2012-01-23T09:16:13.161445 #6336] DEBUG -- : request-header: accept-encoding => gzip,identity
D, [2012-01-23T09:16:13.161478 #6336] DEBUG -- : request-header: host => ltakeshi.no-ip.info
D, [2012-01-23T09:16:13.161511 #6336] DEBUG -- : request-header: accept-charset => ISO-8859-1,utf-8;q=0.7,*;q=0.7
D, [2012-01-23T09:16:13.161544 #6336] DEBUG -- : request-header: keep-alive => 300
D, [2012-01-23T09:16:13.241999 #6336] DEBUG -- : Read 1315 bytes
D, [2012-01-23T09:16:13.242077 #6336] DEBUG -- : response-header: etag => "b81645-523-4b6aec4c1fab5"
D, [2012-01-23T09:16:13.242124 #6336] DEBUG -- : response-header: last-modified => Tue, 17 Jan 2012 00:54:08 GMT
D, [2012-01-23T09:16:13.242158 #6336] DEBUG -- : response-header: content-type => text/html
D, [2012-01-23T09:16:13.242191 #6336] DEBUG -- : response-header: connection => Keep-Alive
D, [2012-01-23T09:16:13.242223 #6336] DEBUG -- : response-header: via => 1.1 JYOHOSERVER
D, [2012-01-23T09:16:13.242256 #6336] DEBUG -- : response-header: server => Apache
D, [2012-01-23T09:16:13.242289 #6336] DEBUG -- : response-header: date => Mon, 23 Jan 2012 00:16:13 GMT
D, [2012-01-23T09:16:13.242322 #6336] DEBUG -- : response-header: content-length => 1315
D, [2012-01-23T09:16:13.242355 #6336] DEBUG -- : response-header: proxy-connection => Keep-Alive
D, [2012-01-23T09:16:13.242388 #6336] DEBUG -- : response-header: keep-alive => timeout=5, max=100
D, [2012-01-23T09:16:13.242420 #6336] DEBUG -- : response-header: vary => Accept-Encoding
D, [2012-01-23T09:16:13.242453 #6336] DEBUG -- : response-header: accept-ranges => bytes
I, [2012-01-23T09:16:13.242805 #6336]  INFO -- : status: 200
I, [2012-01-23T09:16:17.517957 #6353]  INFO -- : Net::HTTP::Get: /~takeshi/test.html
D, [2012-01-23T09:16:17.518118 #6353] DEBUG -- : request-header: accept-language => en-us,en;q=0.5
D, [2012-01-23T09:16:17.518154 #6353] DEBUG -- : request-header: accept => */*
D, [2012-01-23T09:16:17.518187 #6353] DEBUG -- : request-header: user-agent => WWW-Mechanize/1.0.0 (http://rubyforge.org/projects/mechanize/)
D, [2012-01-23T09:16:17.518220 #6353] DEBUG -- : request-header: connection => keep-alive
D, [2012-01-23T09:16:17.518253 #6353] DEBUG -- : request-header: accept-encoding => gzip,identity
D, [2012-01-23T09:16:17.518285 #6353] DEBUG -- : request-header: host => ltakeshi.no-ip.info
D, [2012-01-23T09:16:17.518317 #6353] DEBUG -- : request-header: accept-charset => ISO-8859-1,utf-8;q=0.7,*;q=0.7
D, [2012-01-23T09:16:17.518348 #6353] DEBUG -- : request-header: keep-alive => 300
D, [2012-01-23T09:16:17.560611 #6353] DEBUG -- : Read 1315 bytes
D, [2012-01-23T09:16:17.560732 #6353] DEBUG -- : response-header: etag => "b81645-523-4b6aec4c1fab5"
D, [2012-01-23T09:16:17.560796 #6353] DEBUG -- : response-header: last-modified => Tue, 17 Jan 2012 00:54:08 GMT
D, [2012-01-23T09:16:17.560856 #6353] DEBUG -- : response-header: content-type => text/html
D, [2012-01-23T09:16:17.560916 #6353] DEBUG -- : response-header: connection => Keep-Alive
D, [2012-01-23T09:16:17.560975 #6353] DEBUG -- : response-header: via => 1.1 JYOHOSERVER
D, [2012-01-23T09:16:17.561034 #6353] DEBUG -- : response-header: server => Apache
D, [2012-01-23T09:16:17.561093 #6353] DEBUG -- : response-header: date => Mon, 23 Jan 2012 00:16:17 GMT
D, [2012-01-23T09:16:17.561152 #6353] DEBUG -- : response-header: content-length => 1315
D, [2012-01-23T09:16:17.561211 #6353] DEBUG -- : response-header: proxy-connection => Keep-Alive
D, [2012-01-23T09:16:17.561270 #6353] DEBUG -- : response-header: keep-alive => timeout=5, max=99
D, [2012-01-23T09:16:17.561329 #6353] DEBUG -- : response-header: vary => Accept-Encoding
D, [2012-01-23T09:16:17.561388 #6353] DEBUG -- : response-header: accept-ranges => bytes
I, [2012-01-23T09:16:17.561991 #6353]  INFO -- : status: 200
I, [2012-01-23T09:21:13.475447 #6993]  INFO -- : Net::HTTP::Get: /~takeshi/test.html
D, [2012-01-23T09:21:13.475657 #6993] DEBUG -- : request-header: accept-language => en-us,en;q=0.5
D, [2012-01-23T09:21:13.475725 #6993] DEBUG -- : request-header: accept => */*
D, [2012-01-23T09:21:13.475786 #6993] DEBUG -- : request-header: user-agent => WWW-Mechanize/1.0.0 (http://rubyforge.org/projects/mechanize/)
D, [2012-01-23T09:21:13.475847 #6993] DEBUG -- : request-header: connection => keep-alive
D, [2012-01-23T09:21:13.475906 #6993] DEBUG -- : request-header: accept-encoding => gzip,identity
D, [2012-01-23T09:21:13.475966 #6993] DEBUG -- : request-header: host => ltakeshi.no-ip.info
D, [2012-01-23T09:21:13.476026 #6993] DEBUG -- : request-header: accept-charset => ISO-8859-1,utf-8;q=0.7,*;q=0.7
D, [2012-01-23T09:21:13.476085 #6993] DEBUG -- : request-header: keep-alive => 300
D, [2012-01-23T09:21:13.556455 #6993] DEBUG -- : Read 1315 bytes
D, [2012-01-23T09:21:13.556578 #6993] DEBUG -- : response-header: etag => "b81645-523-4b6aec4c1fab5"
D, [2012-01-23T09:21:13.556642 #6993] DEBUG -- : response-header: last-modified => Tue, 17 Jan 2012 00:54:08 GMT
D, [2012-01-23T09:21:13.556702 #6993] DEBUG -- : response-header: content-type => text/html
D, [2012-01-23T09:21:13.556761 #6993] DEBUG -- : response-header: connection => Keep-Alive
D, [2012-01-23T09:21:13.556820 #6993] DEBUG -- : response-header: via => 1.1 JYOHOSERVER
D, [2012-01-23T09:21:13.556878 #6993] DEBUG -- : response-header: server => Apache
D, [2012-01-23T09:21:13.556937 #6993] DEBUG -- : response-header: date => Mon, 23 Jan 2012 00:21:13 GMT
D, [2012-01-23T09:21:13.556996 #6993] DEBUG -- : response-header: content-length => 1315
D, [2012-01-23T09:21:13.557053 #6993] DEBUG -- : response-header: proxy-connection => Keep-Alive
D, [2012-01-23T09:21:13.557112 #6993] DEBUG -- : response-header: keep-alive => timeout=5, max=100
D, [2012-01-23T09:21:13.557171 #6993] DEBUG -- : response-header: vary => Accept-Encoding
D, [2012-01-23T09:21:13.557229 #6993] DEBUG -- : response-header: accept-ranges => bytes
I, [2012-01-23T09:21:13.557834 #6993]  INFO -- : status: 200
I, [2012-01-23T09:21:24.732026 #7025]  INFO -- : Net::HTTP::Get: /~takeshi/test.html
D, [2012-01-23T09:21:24.732188 #7025] DEBUG -- : request-header: accept-language => en-us,en;q=0.5
D, [2012-01-23T09:21:24.732223 #7025] DEBUG -- : request-header: accept => */*
D, [2012-01-23T09:21:24.732256 #7025] DEBUG -- : request-header: user-agent => WWW-Mechanize/1.0.0 (http://rubyforge.org/projects/mechanize/)
D, [2012-01-23T09:21:24.732288 #7025] DEBUG -- : request-header: connection => keep-alive
D, [2012-01-23T09:21:24.732320 #7025] DEBUG -- : request-header: accept-encoding => gzip,identity
D, [2012-01-23T09:21:24.732352 #7025] DEBUG -- : request-header: host => ltakeshi.no-ip.info
D, [2012-01-23T09:21:24.732384 #7025] DEBUG -- : request-header: accept-charset => ISO-8859-1,utf-8;q=0.7,*;q=0.7
D, [2012-01-23T09:21:24.732415 #7025] DEBUG -- : request-header: keep-alive => 300
D, [2012-01-23T09:21:24.811568 #7025] DEBUG -- : Read 1315 bytes
D, [2012-01-23T09:21:24.811710 #7025] DEBUG -- : response-header: etag => "b81645-523-4b6aec4c1fab5"
D, [2012-01-23T09:21:24.811773 #7025] DEBUG -- : response-header: last-modified => Tue, 17 Jan 2012 00:54:08 GMT
D, [2012-01-23T09:21:24.811833 #7025] DEBUG -- : response-header: content-type => text/html
D, [2012-01-23T09:21:24.811892 #7025] DEBUG -- : response-header: connection => Keep-Alive
D, [2012-01-23T09:21:24.811951 #7025] DEBUG -- : response-header: via => 1.1 JYOHOSERVER
D, [2012-01-23T09:21:24.812009 #7025] DEBUG -- : response-header: server => Apache
D, [2012-01-23T09:21:24.812067 #7025] DEBUG -- : response-header: date => Mon, 23 Jan 2012 00:21:24 GMT
D, [2012-01-23T09:21:24.812125 #7025] DEBUG -- : response-header: content-length => 1315
D, [2012-01-23T09:21:24.812183 #7025] DEBUG -- : response-header: proxy-connection => Keep-Alive
D, [2012-01-23T09:21:24.812241 #7025] DEBUG -- : response-header: keep-alive => timeout=5, max=100
D, [2012-01-23T09:21:24.812300 #7025] DEBUG -- : response-header: vary => Accept-Encoding
D, [2012-01-23T09:21:24.812358 #7025] DEBUG -- : response-header: accept-ranges => bytes
I, [2012-01-23T09:21:24.812956 #7025]  INFO -- : status: 200
D, [2012-01-23T09:21:24.815656 #7025] DEBUG -- : query: "string=180000&q2%5B%5D=%E3%81%9D%E3%81%AE1&select=%E3%82%B5%E3%83%B3%E3%83%97%E3%83%AB1&q1=%E3%81%AF%E3%81%84"
I, [2012-01-23T09:21:24.816416 #7025]  INFO -- : Net::HTTP::Post: /~takeshi/test.php
D, [2012-01-23T09:21:24.816489 #7025] DEBUG -- : request-header: accept-language => en-us,en;q=0.5
D, [2012-01-23T09:21:24.816551 #7025] DEBUG -- : request-header: accept => */*
D, [2012-01-23T09:21:24.816612 #7025] DEBUG -- : request-header: content-type => application/x-www-form-urlencoded
D, [2012-01-23T09:21:24.816671 #7025] DEBUG -- : request-header: user-agent => Mozilla/5.0 (X11; U; Linux i686; en-US; rv:1.9.2.1) Gecko/20100122 firefox/3.6.1
D, [2012-01-23T09:21:24.816745 #7025] DEBUG -- : request-header: connection => keep-alive
D, [2012-01-23T09:21:24.816804 #7025] DEBUG -- : request-header: accept-encoding => gzip,identity
D, [2012-01-23T09:21:24.816862 #7025] DEBUG -- : request-header: content-length => 109
D, [2012-01-23T09:21:24.816920 #7025] DEBUG -- : request-header: referer => http://ltakeshi.no-ip.info/~takeshi/test.html
D, [2012-01-23T09:21:24.816980 #7025] DEBUG -- : request-header: host => ltakeshi.no-ip.info
D, [2012-01-23T09:21:24.817038 #7025] DEBUG -- : request-header: accept-charset => ISO-8859-1,utf-8;q=0.7,*;q=0.7
D, [2012-01-23T09:21:24.817097 #7025] DEBUG -- : request-header: keep-alive => 300
D, [2012-01-23T09:21:25.044384 #7025] DEBUG -- : Read 150 bytes
D, [2012-01-23T09:21:25.044509 #7025] DEBUG -- : response-header: x-powered-by => PHP/5.3.6-13ubuntu3.3
D, [2012-01-23T09:21:25.044573 #7025] DEBUG -- : response-header: content-type => text/html
D, [2012-01-23T09:21:25.044633 #7025] DEBUG -- : response-header: connection => Keep-Alive
D, [2012-01-23T09:21:25.044693 #7025] DEBUG -- : response-header: via => 1.1 JYOHOSERVER
D, [2012-01-23T09:21:25.044753 #7025] DEBUG -- : response-header: server => Apache
D, [2012-01-23T09:21:25.044811 #7025] DEBUG -- : response-header: date => Mon, 23 Jan 2012 00:21:24 GMT
D, [2012-01-23T09:21:25.044870 #7025] DEBUG -- : response-header: content-length => 150
D, [2012-01-23T09:21:25.044929 #7025] DEBUG -- : response-header: proxy-connection => Keep-Alive
D, [2012-01-23T09:21:25.044989 #7025] DEBUG -- : response-header: keep-alive => timeout=5, max=99
D, [2012-01-23T09:21:25.045046 #7025] DEBUG -- : response-header: vary => Accept-Encoding
I, [2012-01-23T09:21:25.045457 #7025]  INFO -- : status: 200
I, [2012-01-23T09:21:39.862912 #7064]  INFO -- : Net::HTTP::Get: /~takeshi/test.html
D, [2012-01-23T09:21:39.863076 #7064] DEBUG -- : request-header: accept-language => en-us,en;q=0.5
D, [2012-01-23T09:21:39.863111 #7064] DEBUG -- : request-header: accept => */*
D, [2012-01-23T09:21:39.863144 #7064] DEBUG -- : request-header: user-agent => WWW-Mechanize/1.0.0 (http://rubyforge.org/projects/mechanize/)
D, [2012-01-23T09:21:39.863176 #7064] DEBUG -- : request-header: connection => keep-alive
D, [2012-01-23T09:21:39.863208 #7064] DEBUG -- : request-header: accept-encoding => gzip,identity
D, [2012-01-23T09:21:39.863240 #7064] DEBUG -- : request-header: host => ltakeshi.no-ip.info
D, [2012-01-23T09:21:39.863281 #7064] DEBUG -- : request-header: accept-charset => ISO-8859-1,utf-8;q=0.7,*;q=0.7
D, [2012-01-23T09:21:39.863313 #7064] DEBUG -- : request-header: keep-alive => 300
D, [2012-01-23T09:21:39.943074 #7064] DEBUG -- : Read 1315 bytes
D, [2012-01-23T09:21:39.943146 #7064] DEBUG -- : response-header: etag => "b81645-523-4b6aec4c1fab5"
D, [2012-01-23T09:21:39.943182 #7064] DEBUG -- : response-header: last-modified => Tue, 17 Jan 2012 00:54:08 GMT
D, [2012-01-23T09:21:39.943215 #7064] DEBUG -- : response-header: content-type => text/html
D, [2012-01-23T09:21:39.943247 #7064] DEBUG -- : response-header: connection => Keep-Alive
D, [2012-01-23T09:21:39.943279 #7064] DEBUG -- : response-header: via => 1.1 JYOHOSERVER
D, [2012-01-23T09:21:39.943311 #7064] DEBUG -- : response-header: server => Apache
D, [2012-01-23T09:21:39.943343 #7064] DEBUG -- : response-header: date => Mon, 23 Jan 2012 00:21:39 GMT
D, [2012-01-23T09:21:39.943375 #7064] DEBUG -- : response-header: content-length => 1315
D, [2012-01-23T09:21:39.943407 #7064] DEBUG -- : response-header: proxy-connection => Keep-Alive
D, [2012-01-23T09:21:39.943440 #7064] DEBUG -- : response-header: keep-alive => timeout=5, max=100
D, [2012-01-23T09:21:39.943472 #7064] DEBUG -- : response-header: vary => Accept-Encoding
D, [2012-01-23T09:21:39.943504 #7064] DEBUG -- : response-header: accept-ranges => bytes
I, [2012-01-23T09:21:39.944087 #7064]  INFO -- : status: 200
I, [2012-01-23T09:21:53.263364 #7095]  INFO -- : Net::HTTP::Get: /~takeshi/test.html
D, [2012-01-23T09:21:53.263530 #7095] DEBUG -- : request-header: accept-language => en-us,en;q=0.5
D, [2012-01-23T09:21:53.263577 #7095] DEBUG -- : request-header: accept => */*
D, [2012-01-23T09:21:53.263622 #7095] DEBUG -- : request-header: user-agent => WWW-Mechanize/1.0.0 (http://rubyforge.org/projects/mechanize/)
D, [2012-01-23T09:21:53.263656 #7095] DEBUG -- : request-header: connection => keep-alive
D, [2012-01-23T09:21:53.263689 #7095] DEBUG -- : request-header: accept-encoding => gzip,identity
D, [2012-01-23T09:21:53.263722 #7095] DEBUG -- : request-header: host => ltakeshi.no-ip.info
D, [2012-01-23T09:21:53.263754 #7095] DEBUG -- : request-header: accept-charset => ISO-8859-1,utf-8;q=0.7,*;q=0.7
D, [2012-01-23T09:21:53.263786 #7095] DEBUG -- : request-header: keep-alive => 300
D, [2012-01-23T09:21:53.346500 #7095] DEBUG -- : Read 1315 bytes
D, [2012-01-23T09:21:53.346580 #7095] DEBUG -- : response-header: etag => "b81645-523-4b6aec4c1fab5"
D, [2012-01-23T09:21:53.346616 #7095] DEBUG -- : response-header: last-modified => Tue, 17 Jan 2012 00:54:08 GMT
D, [2012-01-23T09:21:53.346650 #7095] DEBUG -- : response-header: content-type => text/html
D, [2012-01-23T09:21:53.346683 #7095] DEBUG -- : response-header: connection => Keep-Alive
D, [2012-01-23T09:21:53.346716 #7095] DEBUG -- : response-header: via => 1.1 JYOHOSERVER
D, [2012-01-23T09:21:53.346749 #7095] DEBUG -- : response-header: server => Apache
D, [2012-01-23T09:21:53.346782 #7095] DEBUG -- : response-header: date => Mon, 23 Jan 2012 00:21:53 GMT
D, [2012-01-23T09:21:53.346815 #7095] DEBUG -- : response-header: content-length => 1315
D, [2012-01-23T09:21:53.346848 #7095] DEBUG -- : response-header: proxy-connection => Keep-Alive
D, [2012-01-23T09:21:53.346881 #7095] DEBUG -- : response-header: keep-alive => timeout=5, max=100
D, [2012-01-23T09:21:53.346919 #7095] DEBUG -- : response-header: vary => Accept-Encoding
D, [2012-01-23T09:21:53.346953 #7095] DEBUG -- : response-header: accept-ranges => bytes
I, [2012-01-23T09:21:53.347309 #7095]  INFO -- : status: 200
I, [2012-01-23T09:22:10.176368 #7138]  INFO -- : Net::HTTP::Get: /~takeshi/test.html
D, [2012-01-23T09:22:10.176530 #7138] DEBUG -- : request-header: accept-language => en-us,en;q=0.5
D, [2012-01-23T09:22:10.176566 #7138] DEBUG -- : request-header: accept => */*
D, [2012-01-23T09:22:10.176599 #7138] DEBUG -- : request-header: user-agent => WWW-Mechanize/1.0.0 (http://rubyforge.org/projects/mechanize/)
D, [2012-01-23T09:22:10.176633 #7138] DEBUG -- : request-header: connection => keep-alive
D, [2012-01-23T09:22:10.176665 #7138] DEBUG -- : request-header: accept-encoding => gzip,identity
D, [2012-01-23T09:22:10.176697 #7138] DEBUG -- : request-header: host => ltakeshi.no-ip.info
D, [2012-01-23T09:22:10.176729 #7138] DEBUG -- : request-header: accept-charset => ISO-8859-1,utf-8;q=0.7,*;q=0.7
D, [2012-01-23T09:22:10.176761 #7138] DEBUG -- : request-header: keep-alive => 300
D, [2012-01-23T09:22:10.279159 #7138] DEBUG -- : Read 1315 bytes
D, [2012-01-23T09:22:10.279253 #7138] DEBUG -- : response-header: etag => "b81645-523-4b6aec4c1fab5"
D, [2012-01-23T09:22:10.279301 #7138] DEBUG -- : response-header: last-modified => Tue, 17 Jan 2012 00:54:08 GMT
D, [2012-01-23T09:22:10.279346 #7138] DEBUG -- : response-header: content-type => text/html
D, [2012-01-23T09:22:10.279390 #7138] DEBUG -- : response-header: connection => Keep-Alive
D, [2012-01-23T09:22:10.279434 #7138] DEBUG -- : response-header: via => 1.1 JYOHOSERVER
D, [2012-01-23T09:22:10.279478 #7138] DEBUG -- : response-header: server => Apache
D, [2012-01-23T09:22:10.279522 #7138] DEBUG -- : response-header: date => Mon, 23 Jan 2012 00:22:10 GMT
D, [2012-01-23T09:22:10.279567 #7138] DEBUG -- : response-header: content-length => 1315
D, [2012-01-23T09:22:10.279656 #7138] DEBUG -- : response-header: proxy-connection => Keep-Alive
D, [2012-01-23T09:22:10.279720 #7138] DEBUG -- : response-header: keep-alive => timeout=5, max=100
D, [2012-01-23T09:22:10.279779 #7138] DEBUG -- : response-header: vary => Accept-Encoding
D, [2012-01-23T09:22:10.279837 #7138] DEBUG -- : response-header: accept-ranges => bytes
I, [2012-01-23T09:22:10.280452 #7138]  INFO -- : status: 200
D, [2012-01-23T09:22:10.283078 #7138] DEBUG -- : query: "string=180000&select=%E3%82%B5%E3%83%B3%E3%83%97%E3%83%AB1&q1=%E3%81%AF%E3%81%84"
I, [2012-01-23T09:22:10.283845 #7138]  INFO -- : Net::HTTP::Post: /~takeshi/test.php
D, [2012-01-23T09:22:10.283920 #7138] DEBUG -- : request-header: accept-language => en-us,en;q=0.5
D, [2012-01-23T09:22:10.283981 #7138] DEBUG -- : request-header: accept => */*
D, [2012-01-23T09:22:10.284041 #7138] DEBUG -- : request-header: content-type => application/x-www-form-urlencoded
D, [2012-01-23T09:22:10.284101 #7138] DEBUG -- : request-header: user-agent => Mozilla/5.0 (X11; U; Linux i686; en-US; rv:1.9.2.1) Gecko/20100122 firefox/3.6.1
D, [2012-01-23T09:22:10.284160 #7138] DEBUG -- : request-header: connection => keep-alive
D, [2012-01-23T09:22:10.284219 #7138] DEBUG -- : request-header: accept-encoding => gzip,identity
D, [2012-01-23T09:22:10.284278 #7138] DEBUG -- : request-header: content-length => 80
D, [2012-01-23T09:22:10.284336 #7138] DEBUG -- : request-header: referer => http://ltakeshi.no-ip.info/~takeshi/test.html
D, [2012-01-23T09:22:10.284395 #7138] DEBUG -- : request-header: host => ltakeshi.no-ip.info
D, [2012-01-23T09:22:10.284453 #7138] DEBUG -- : request-header: accept-charset => ISO-8859-1,utf-8;q=0.7,*;q=0.7
D, [2012-01-23T09:22:10.284512 #7138] DEBUG -- : request-header: keep-alive => 300
D, [2012-01-23T09:22:10.552004 #7138] DEBUG -- : Read 112 bytes
D, [2012-01-23T09:22:10.552125 #7138] DEBUG -- : response-header: x-powered-by => PHP/5.3.6-13ubuntu3.3
D, [2012-01-23T09:22:10.552190 #7138] DEBUG -- : response-header: content-type => text/html
D, [2012-01-23T09:22:10.552250 #7138] DEBUG -- : response-header: connection => Keep-Alive
D, [2012-01-23T09:22:10.552309 #7138] DEBUG -- : response-header: via => 1.1 JYOHOSERVER
D, [2012-01-23T09:22:10.552368 #7138] DEBUG -- : response-header: server => Apache
D, [2012-01-23T09:22:10.552427 #7138] DEBUG -- : response-header: date => Mon, 23 Jan 2012 00:22:10 GMT
D, [2012-01-23T09:22:10.552486 #7138] DEBUG -- : response-header: content-length => 112
D, [2012-01-23T09:22:10.552544 #7138] DEBUG -- : response-header: proxy-connection => Keep-Alive
D, [2012-01-23T09:22:10.552604 #7138] DEBUG -- : response-header: keep-alive => timeout=5, max=99
D, [2012-01-23T09:22:10.552662 #7138] DEBUG -- : response-header: vary => Accept-Encoding
I, [2012-01-23T09:22:10.553057 #7138]  INFO -- : status: 200
I, [2012-01-23T09:22:20.662791 #7171]  INFO -- : Net::HTTP::Get: /~takeshi/test.html
D, [2012-01-23T09:22:20.662974 #7171] DEBUG -- : request-header: accept-language => en-us,en;q=0.5
D, [2012-01-23T09:22:20.663039 #7171] DEBUG -- : request-header: accept => */*
D, [2012-01-23T09:22:20.663098 #7171] DEBUG -- : request-header: user-agent => WWW-Mechanize/1.0.0 (http://rubyforge.org/projects/mechanize/)
D, [2012-01-23T09:22:20.663159 #7171] DEBUG -- : request-header: connection => keep-alive
D, [2012-01-23T09:22:20.663218 #7171] DEBUG -- : request-header: accept-encoding => gzip,identity
D, [2012-01-23T09:22:20.663277 #7171] DEBUG -- : request-header: host => ltakeshi.no-ip.info
D, [2012-01-23T09:22:20.663336 #7171] DEBUG -- : request-header: accept-charset => ISO-8859-1,utf-8;q=0.7,*;q=0.7
D, [2012-01-23T09:22:20.663394 #7171] DEBUG -- : request-header: keep-alive => 300
D, [2012-01-23T09:22:20.765402 #7171] DEBUG -- : Read 1315 bytes
D, [2012-01-23T09:22:20.765525 #7171] DEBUG -- : response-header: etag => "b81645-523-4b6aec4c1fab5"
D, [2012-01-23T09:22:20.765589 #7171] DEBUG -- : response-header: last-modified => Tue, 17 Jan 2012 00:54:08 GMT
D, [2012-01-23T09:22:20.765650 #7171] DEBUG -- : response-header: content-type => text/html
D, [2012-01-23T09:22:20.765710 #7171] DEBUG -- : response-header: connection => Keep-Alive
D, [2012-01-23T09:22:20.765769 #7171] DEBUG -- : response-header: via => 1.1 JYOHOSERVER
D, [2012-01-23T09:22:20.765828 #7171] DEBUG -- : response-header: server => Apache
D, [2012-01-23T09:22:20.765887 #7171] DEBUG -- : response-header: date => Mon, 23 Jan 2012 00:22:20 GMT
D, [2012-01-23T09:22:20.765960 #7171] DEBUG -- : response-header: content-length => 1315
D, [2012-01-23T09:22:20.766019 #7171] DEBUG -- : response-header: proxy-connection => Keep-Alive
D, [2012-01-23T09:22:20.766077 #7171] DEBUG -- : response-header: keep-alive => timeout=5, max=100
D, [2012-01-23T09:22:20.766136 #7171] DEBUG -- : response-header: vary => Accept-Encoding
D, [2012-01-23T09:22:20.766194 #7171] DEBUG -- : response-header: accept-ranges => bytes
I, [2012-01-23T09:22:20.766798 #7171]  INFO -- : status: 200
I, [2012-01-23T09:23:51.467779 #7368]  INFO -- : Net::HTTP::Get: /~takeshi/test.html
D, [2012-01-23T09:23:51.467966 #7368] DEBUG -- : request-header: accept-language => en-us,en;q=0.5
D, [2012-01-23T09:23:51.468031 #7368] DEBUG -- : request-header: accept => */*
D, [2012-01-23T09:23:51.468092 #7368] DEBUG -- : request-header: user-agent => WWW-Mechanize/1.0.0 (http://rubyforge.org/projects/mechanize/)
D, [2012-01-23T09:23:51.468154 #7368] DEBUG -- : request-header: connection => keep-alive
D, [2012-01-23T09:23:51.468214 #7368] DEBUG -- : request-header: accept-encoding => gzip,identity
D, [2012-01-23T09:23:51.468273 #7368] DEBUG -- : request-header: host => ltakeshi.no-ip.info
D, [2012-01-23T09:23:51.468332 #7368] DEBUG -- : request-header: accept-charset => ISO-8859-1,utf-8;q=0.7,*;q=0.7
D, [2012-01-23T09:23:51.468391 #7368] DEBUG -- : request-header: keep-alive => 300
D, [2012-01-23T09:23:51.550330 #7368] DEBUG -- : Read 1315 bytes
D, [2012-01-23T09:23:51.550453 #7368] DEBUG -- : response-header: etag => "b81645-523-4b6aec4c1fab5"
D, [2012-01-23T09:23:51.550517 #7368] DEBUG -- : response-header: last-modified => Tue, 17 Jan 2012 00:54:08 GMT
D, [2012-01-23T09:23:51.550578 #7368] DEBUG -- : response-header: content-type => text/html
D, [2012-01-23T09:23:51.550638 #7368] DEBUG -- : response-header: connection => Keep-Alive
D, [2012-01-23T09:23:51.550698 #7368] DEBUG -- : response-header: via => 1.1 JYOHOSERVER
D, [2012-01-23T09:23:51.550757 #7368] DEBUG -- : response-header: server => Apache
D, [2012-01-23T09:23:51.550817 #7368] DEBUG -- : response-header: date => Mon, 23 Jan 2012 00:23:51 GMT
D, [2012-01-23T09:23:51.550876 #7368] DEBUG -- : response-header: content-length => 1315
D, [2012-01-23T09:23:51.550935 #7368] DEBUG -- : response-header: proxy-connection => Keep-Alive
D, [2012-01-23T09:23:51.550995 #7368] DEBUG -- : response-header: keep-alive => timeout=5, max=100
D, [2012-01-23T09:23:51.551055 #7368] DEBUG -- : response-header: vary => Accept-Encoding
D, [2012-01-23T09:23:51.551114 #7368] DEBUG -- : response-header: accept-ranges => bytes
I, [2012-01-23T09:23:51.551752 #7368]  INFO -- : status: 200
D, [2012-01-23T09:23:51.554405 #7368] DEBUG -- : query: "string=180000&q2%5B%5D=%E3%81%9D%E3%81%AE1&select=%E3%82%B5%E3%83%B3%E3%83%97%E3%83%AB1&q1=%E3%81%AF%E3%81%84"
I, [2012-01-23T09:23:51.555160 #7368]  INFO -- : Net::HTTP::Post: /~takeshi/test.php
D, [2012-01-23T09:23:51.555236 #7368] DEBUG -- : request-header: accept-language => en-us,en;q=0.5
D, [2012-01-23T09:23:51.555299 #7368] DEBUG -- : request-header: accept => */*
D, [2012-01-23T09:23:51.555363 #7368] DEBUG -- : request-header: content-type => application/x-www-form-urlencoded
D, [2012-01-23T09:23:51.555424 #7368] DEBUG -- : request-header: user-agent => Mozilla/5.0 (X11; U; Linux i686; en-US; rv:1.9.2.1) Gecko/20100122 firefox/3.6.1
D, [2012-01-23T09:23:51.555485 #7368] DEBUG -- : request-header: connection => keep-alive
D, [2012-01-23T09:23:51.555546 #7368] DEBUG -- : request-header: accept-encoding => gzip,identity
D, [2012-01-23T09:23:51.555640 #7368] DEBUG -- : request-header: content-length => 109
D, [2012-01-23T09:23:51.555705 #7368] DEBUG -- : request-header: referer => http://ltakeshi.no-ip.info/~takeshi/test.html
D, [2012-01-23T09:23:51.555767 #7368] DEBUG -- : request-header: host => ltakeshi.no-ip.info
D, [2012-01-23T09:23:51.555831 #7368] DEBUG -- : request-header: accept-charset => ISO-8859-1,utf-8;q=0.7,*;q=0.7
D, [2012-01-23T09:23:51.555864 #7368] DEBUG -- : request-header: keep-alive => 300
D, [2012-01-23T09:23:51.719080 #7368] DEBUG -- : Read 150 bytes
D, [2012-01-23T09:23:51.719169 #7368] DEBUG -- : response-header: x-powered-by => PHP/5.3.6-13ubuntu3.3
D, [2012-01-23T09:23:51.719205 #7368] DEBUG -- : response-header: content-type => text/html
D, [2012-01-23T09:23:51.719239 #7368] DEBUG -- : response-header: connection => Keep-Alive
D, [2012-01-23T09:23:51.719271 #7368] DEBUG -- : response-header: via => 1.1 JYOHOSERVER
D, [2012-01-23T09:23:51.719304 #7368] DEBUG -- : response-header: server => Apache
D, [2012-01-23T09:23:51.719337 #7368] DEBUG -- : response-header: date => Mon, 23 Jan 2012 00:23:51 GMT
D, [2012-01-23T09:23:51.719370 #7368] DEBUG -- : response-header: content-length => 150
D, [2012-01-23T09:23:51.719403 #7368] DEBUG -- : response-header: proxy-connection => Keep-Alive
D, [2012-01-23T09:23:51.719436 #7368] DEBUG -- : response-header: keep-alive => timeout=5, max=99
D, [2012-01-23T09:23:51.719468 #7368] DEBUG -- : response-header: vary => Accept-Encoding
I, [2012-01-23T09:23:51.719824 #7368]  INFO -- : status: 200
